2022-03-22 12:08:43:474 [Appium] Welcome to Appium v1.22.2
2022-03-22 12:08:43:474 [Appium] Welcome to Appium v1.22.2
2022-03-22 12:08:43:474 [Appium] Non-default server args:
2022-03-22 12:08:43:474 [Appium]   port: 42305
2022-03-22 12:08:43:474 [Appium]   sessionOverride: true
2022-03-22 12:08:43:474 [Appium]   logFile: /Users/sangu/Documents/code_folder/appium-cucumberbdd-testng/Android_Samsung_Galaxy_S9_free/Server.log
2022-03-22 12:08:43:482 [Appium] Appium REST http interface listener started on 0.0.0.0:42305
2022-03-22 12:08:43:474 [Appium] Non-default server args:
2022-03-22 12:08:43:474 [Appium]   port: 21346
2022-03-22 12:08:43:474 [Appium]   sessionOverride: true
2022-03-22 12:08:43:474 [Appium]   logFile: /Users/sangu/Documents/code_folder/appium-cucumberbdd-testng/Android_Samsung_Galaxy_S9_free/Server.log
2022-03-22 12:08:43:482 [Appium] Appium REST http interface listener started on 0.0.0.0:21346
2022-03-22 12:08:43:672 [HTTP] --> GET /wd/hub/status
2022-03-22 12:08:43:678 [HTTP] --> GET /wd/hub/status
2022-03-22 12:08:43:672 [HTTP] {}
2022-03-22 12:08:43:674 [GENERIC] Calling AppiumDriver.getStatus() with args: []
2022-03-22 12:08:43:675 [GENERIC] Responding to client with driver.getStatus() result: {"build":{"version":"1.22.2"}}
2022-03-22 12:08:43:680 [HTTP] <-- GET /wd/hub/status 200 7 ms - 68
2022-03-22 12:08:43:680 [HTTP] 
2022-03-22 12:08:43:683 [HTTP] --> GET /wd/hub/status
2022-03-22 12:08:43:683 [HTTP] {}
2022-03-22 12:08:43:684 [GENERIC] Calling AppiumDriver.getStatus() with args: []
2022-03-22 12:08:43:684 [GENERIC] Responding to client with driver.getStatus() result: {"build":{"version":"1.22.2"}}
2022-03-22 12:08:43:685 [HTTP] <-- GET /wd/hub/status 200 1 ms - 68
2022-03-22 12:08:43:685 [HTTP] 
2022-03-22 12:08:43:679 [HTTP] {}
2022-03-22 12:08:43:680 [GENERIC] Calling AppiumDriver.getStatus() with args: []
2022-03-22 12:08:43:681 [GENERIC] Responding to client with driver.getStatus() result: {"build":{"version":"1.22.2"}}
2022-03-22 12:08:43:685 [HTTP] <-- GET /wd/hub/status 200 5 ms - 68
2022-03-22 12:08:43:686 [HTTP] 
2022-03-22 12:08:43:687 [HTTP] --> GET /wd/hub/status
2022-03-22 12:08:43:687 [HTTP] {}
2022-03-22 12:08:43:688 [GENERIC] Calling AppiumDriver.getStatus() with args: []
2022-03-22 12:08:43:688 [GENERIC] Responding to client with driver.getStatus() result: {"build":{"version":"1.22.2"}}
2022-03-22 12:08:43:688 [HTTP] <-- GET /wd/hub/status 200 1 ms - 68
2022-03-22 12:08:43:688 [HTTP] 
2022-03-22 12:11:57:574 [Appium] Received SIGTERM - shutting down
2022-03-22 12:11:57:575 [Appium] There are no active sessions for cleanup
2022-03-22 12:11:57:581 uncaughtException: write EPIPE
Error: write EPIPE
    at afterWriteDispatched (node:internal/stream_base_commons:160:15)
    at writeGeneric (node:internal/stream_base_commons:151:3)
    at Socket._writeGeneric (node:net:796:11)
    at Socket._write (node:net:808:8)
    at writeOrBuffer (node:internal/streams/writable:390:12)
    at _write (node:internal/streams/writable:331:10)
    at Socket.Writable.write (node:internal/streams/writable:335:10)
    at Console.log (/opt/homebrew/lib/node_modules/appium/node_modules/winston/lib/winston/transports/console.js:79:23)
    at Console._write (/opt/homebrew/lib/node_modules/appium/node_modules/winston-transport/index.js:103:17)
    at doWrite (/opt/homebrew/lib/node_modules/appium/node_modules/winston-transport/node_modules/readable-stream/lib/_stream_writable.js:428:64)
    at writeOrBuffer (/opt/homebrew/lib/node_modules/appium/node_modules/winston-transport/node_modules/readable-stream/lib/_stream_writable.js:417:5)
    at Console.Writable.write (/opt/homebrew/lib/node_modules/appium/node_modules/winston-transport/node_modules/readable-stream/lib/_stream_writable.js:334:11)
    at DerivedLogger.ondata (/opt/homebrew/lib/node_modules/appium/node_modules/readable-stream/lib/_stream_readable.js:681:20)
    at DerivedLogger.emit (node:events:539:35)
    at addChunk (/opt/homebrew/lib/node_modules/appium/node_modules/readable-stream/lib/_stream_readable.js:298:12)
    at readableAddChunk (/opt/homebrew/lib/node_modules/appium/node_modules/readable-stream/lib/_stream_readable.js:280:11)
2022-03-22 12:11:57:582 uncaughtException: write EPIPE
Error: write EPIPE
    at afterWriteDispatched (node:internal/stream_base_commons:160:15)
    at writeGeneric (node:internal/stream_base_commons:151:3)
    at Socket._writeGeneric (node:net:796:11)
    at Socket._write (node:net:808:8)
    at writeOrBuffer (node:internal/streams/writable:390:12)
    at _write (node:internal/streams/writable:331:10)
    at Socket.Writable.write (node:internal/streams/writable:335:10)
    at Console.log (/opt/homebrew/lib/node_modules/appium/node_modules/winston/lib/winston/transports/console.js:51:25)
    at Console._write (/opt/homebrew/lib/node_modules/appium/node_modules/winston-transport/index.js:103:17)
    at doWrite (/opt/homebrew/lib/node_modules/appium/node_modules/winston-transport/node_modules/readable-stream/lib/_stream_writable.js:428:64)
    at writeOrBuffer (/opt/homebrew/lib/node_modules/appium/node_modules/winston-transport/node_modules/readable-stream/lib/_stream_writable.js:417:5)
    at Console.Writable.write (/opt/homebrew/lib/node_modules/appium/node_modules/winston-transport/node_modules/readable-stream/lib/_stream_writable.js:334:11)
    at DerivedLogger.ondata (/opt/homebrew/lib/node_modules/appium/node_modules/readable-stream/lib/_stream_readable.js:681:20)
    at DerivedLogger.emit (node:events:539:35)
    at addChunk (/opt/homebrew/lib/node_modules/appium/node_modules/readable-stream/lib/_stream_readable.js:298:12)
    at readableAddChunk (/opt/homebrew/lib/node_modules/appium/node_modules/readable-stream/lib/_stream_readable.js:280:11)
2022-03-22 12:11:57:582 uncaughtException: write EPIPE
Error: write EPIPE
    at afterWriteDispatched (node:internal/stream_base_commons:160:15)
    at writeGeneric (node:internal/stream_base_commons:151:3)
    at Socket._writeGeneric (node:net:796:11)
    at Socket._write (node:net:808:8)
    at writeOrBuffer (node:internal/streams/writable:390:12)
    at _write (node:internal/streams/writable:331:10)
    at Socket.Writable.write (node:internal/streams/writable:335:10)
    at Console.log (/opt/homebrew/lib/node_modules/appium/node_modules/winston/lib/winston/transports/console.js:51:25)
    at Console._write (/opt/homebrew/lib/node_modules/appium/node_modules/winston-transport/index.js:103:17)
    at doWrite (/opt/homebrew/lib/node_modules/appium/node_modules/winston-transport/node_modules/readable-stream/lib/_stream_writable.js:428:64)
    at writeOrBuffer (/opt/homebrew/lib/node_modules/appium/node_modules/winston-transport/node_modules/readable-stream/lib/_stream_writable.js:417:5)
    at Console.Writable.write (/opt/homebrew/lib/node_modules/appium/node_modules/winston-transport/node_modules/readable-stream/lib/_stream_writable.js:334:11)
    at DerivedLogger.ondata (/opt/homebrew/lib/node_modules/appium/node_modules/readable-stream/lib/_stream_readable.js:681:20)
    at DerivedLogger.emit (node:events:539:35)
    at addChunk (/opt/homebrew/lib/node_modules/appium/node_modules/readable-stream/lib/_stream_readable.js:298:12)
    at readableAddChunk (/opt/homebrew/lib/node_modules/appium/node_modules/readable-stream/lib/_stream_readable.js:280:11)
2022-03-22 12:11:57:583 uncaughtException: write EPIPE
Error: write EPIPE
    at afterWriteDispatched (node:internal/stream_base_commons:160:15)
    at writeGeneric (node:internal/stream_base_commons:151:3)
    at Socket._writeGeneric (node:net:796:11)
    at Socket._write (node:net:808:8)
    at writeOrBuffer (node:internal/streams/writable:390:12)
    at _write (node:internal/streams/writable:331:10)
    at Socket.Writable.write (node:internal/streams/writable:335:10)
    at Console.log (/opt/homebrew/lib/node_modules/appium/node_modules/winston/lib/winston/transports/console.js:51:25)
    at Console._write (/opt/homebrew/lib/node_modules/appium/node_modules/winston-transport/index.js:103:17)
    at doWrite (/opt/homebrew/lib/node_modules/appium/node_modules/winston-transport/node_modules/readable-stream/lib/_stream_writable.js:428:64)
    at writeOrBuffer (/opt/homebrew/lib/node_modules/appium/node_modules/winston-transport/node_modules/readable-stream/lib/_stream_writable.js:417:5)
    at Console.Writable.write (/opt/homebrew/lib/node_modules/appium/node_modules/winston-transport/node_modules/readable-stream/lib/_stream_writable.js:334:11)
    at DerivedLogger.ondata (/opt/homebrew/lib/node_modules/appium/node_modules/readable-stream/lib/_stream_readable.js:681:20)
    at DerivedLogger.emit (node:events:539:35)
    at addChunk (/opt/homebrew/lib/node_modules/appium/node_modules/readable-stream/lib/_stream_readable.js:298:12)
    at readableAddChunk (/opt/homebrew/lib/node_modules/appium/node_modules/readable-stream/lib/_stream_readable.js:280:11)
2022-03-22 12:11:57:585 uncaughtException: write EPIPE
Error: write EPIPE
    at afterWriteDispatched (node:internal/stream_base_commons:160:15)
    at writeGeneric (node:internal/stream_base_commons:151:3)
    at Socket._writeGeneric (node:net:796:11)
    at Socket._write (node:net:808:8)
    at writeOrBuffer (node:internal/streams/writable:390:12)
    at _write (node:internal/streams/writable:331:10)
    at Socket.Writable.write (node:internal/streams/writable:335:10)
    at Console.log (/opt/homebrew/lib/node_modules/appium/node_modules/winston/lib/winston/transports/console.js:51:25)
    at Console._write (/opt/homebrew/lib/node_modules/appium/node_modules/winston-transport/index.js:103:17)
    at doWrite (/opt/homebrew/lib/node_modules/appium/node_modules/winston-transport/node_modules/readable-stream/lib/_stream_writable.js:428:64)
    at writeOrBuffer (/opt/homebrew/lib/node_modules/appium/node_modules/winston-transport/node_modules/readable-stream/lib/_stream_writable.js:417:5)
    at Console.Writable.write (/opt/homebrew/lib/node_modules/appium/node_modules/winston-transport/node_modules/readable-stream/lib/_stream_writable.js:334:11)
    at DerivedLogger.ondata (/opt/homebrew/lib/node_modules/appium/node_modules/readable-stream/lib/_stream_readable.js:681:20)
    at DerivedLogger.emit (node:events:539:35)
    at addChunk (/opt/homebrew/lib/node_modules/appium/node_modules/readable-stream/lib/_stream_readable.js:298:12)
    at readableAddChunk (/opt/homebrew/lib/node_modules/appium/node_modules/readable-stream/lib/_stream_readable.js:280:11)
2022-03-22 12:15:30:857 [Appium] Received SIGTERM - shutting down
2022-03-22 12:15:30:859 [Appium] There are no active sessions for cleanup
2022-03-22 12:15:30:865 uncaughtException: write EPIPE
Error: write EPIPE
    at afterWriteDispatched (node:internal/stream_base_commons:160:15)
    at writeGeneric (node:internal/stream_base_commons:151:3)
    at Socket._writeGeneric (node:net:796:11)
    at Socket._write (node:net:808:8)
    at writeOrBuffer (node:internal/streams/writable:390:12)
    at _write (node:internal/streams/writable:331:10)
    at Socket.Writable.write (node:internal/streams/writable:335:10)
    at Console.log (/opt/homebrew/lib/node_modules/appium/node_modules/winston/lib/winston/transports/console.js:79:23)
    at Console._write (/opt/homebrew/lib/node_modules/appium/node_modules/winston-transport/index.js:103:17)
    at doWrite (/opt/homebrew/lib/node_modules/appium/node_modules/winston-transport/node_modules/readable-stream/lib/_stream_writable.js:428:64)
    at writeOrBuffer (/opt/homebrew/lib/node_modules/appium/node_modules/winston-transport/node_modules/readable-stream/lib/_stream_writable.js:417:5)
    at Console.Writable.write (/opt/homebrew/lib/node_modules/appium/node_modules/winston-transport/node_modules/readable-stream/lib/_stream_writable.js:334:11)
    at DerivedLogger.ondata (/opt/homebrew/lib/node_modules/appium/node_modules/readable-stream/lib/_stream_readable.js:681:20)
    at DerivedLogger.emit (node:events:539:35)
    at addChunk (/opt/homebrew/lib/node_modules/appium/node_modules/readable-stream/lib/_stream_readable.js:298:12)
    at readableAddChunk (/opt/homebrew/lib/node_modules/appium/node_modules/readable-stream/lib/_stream_readable.js:280:11)
2022-03-22 12:15:30:867 uncaughtException: write EPIPE
Error: write EPIPE
    at afterWriteDispatched (node:internal/stream_base_commons:160:15)
    at writeGeneric (node:internal/stream_base_commons:151:3)
    at Socket._writeGeneric (node:net:796:11)
    at Socket._write (node:net:808:8)
    at writeOrBuffer (node:internal/streams/writable:390:12)
    at _write (node:internal/streams/writable:331:10)
    at Socket.Writable.write (node:internal/streams/writable:335:10)
    at Console.log (/opt/homebrew/lib/node_modules/appium/node_modules/winston/lib/winston/transports/console.js:51:25)
    at Console._write (/opt/homebrew/lib/node_modules/appium/node_modules/winston-transport/index.js:103:17)
    at doWrite (/opt/homebrew/lib/node_modules/appium/node_modules/winston-transport/node_modules/readable-stream/lib/_stream_writable.js:428:64)
    at writeOrBuffer (/opt/homebrew/lib/node_modules/appium/node_modules/winston-transport/node_modules/readable-stream/lib/_stream_writable.js:417:5)
    at Console.Writable.write (/opt/homebrew/lib/node_modules/appium/node_modules/winston-transport/node_modules/readable-stream/lib/_stream_writable.js:334:11)
    at DerivedLogger.ondata (/opt/homebrew/lib/node_modules/appium/node_modules/readable-stream/lib/_stream_readable.js:681:20)
    at DerivedLogger.emit (node:events:539:35)
    at addChunk (/opt/homebrew/lib/node_modules/appium/node_modules/readable-stream/lib/_stream_readable.js:298:12)
    at readableAddChunk (/opt/homebrew/lib/node_modules/appium/node_modules/readable-stream/lib/_stream_readable.js:280:11)
2022-03-22 12:15:30:867 uncaughtException: write EPIPE
Error: write EPIPE
    at afterWriteDispatched (node:internal/stream_base_commons:160:15)
    at writeGeneric (node:internal/stream_base_commons:151:3)
    at Socket._writeGeneric (node:net:796:11)
    at Socket._write (node:net:808:8)
    at writeOrBuffer (node:internal/streams/writable:390:12)
    at _write (node:internal/streams/writable:331:10)
    at Socket.Writable.write (node:internal/streams/writable:335:10)
    at Console.log (/opt/homebrew/lib/node_modules/appium/node_modules/winston/lib/winston/transports/console.js:51:25)
    at Console._write (/opt/homebrew/lib/node_modules/appium/node_modules/winston-transport/index.js:103:17)
    at doWrite (/opt/homebrew/lib/node_modules/appium/node_modules/winston-transport/node_modules/readable-stream/lib/_stream_writable.js:428:64)
    at writeOrBuffer (/opt/homebrew/lib/node_modules/appium/node_modules/winston-transport/node_modules/readable-stream/lib/_stream_writable.js:417:5)
    at Console.Writable.write (/opt/homebrew/lib/node_modules/appium/node_modules/winston-transport/node_modules/readable-stream/lib/_stream_writable.js:334:11)
    at DerivedLogger.ondata (/opt/homebrew/lib/node_modules/appium/node_modules/readable-stream/lib/_stream_readable.js:681:20)
    at DerivedLogger.emit (node:events:539:35)
    at addChunk (/opt/homebrew/lib/node_modules/appium/node_modules/readable-stream/lib/_stream_readable.js:298:12)
    at readableAddChunk (/opt/homebrew/lib/node_modules/appium/node_modules/readable-stream/lib/_stream_readable.js:280:11)
2022-03-22 12:15:30:869 uncaughtException: write EPIPE
Error: write EPIPE
    at afterWriteDispatched (node:internal/stream_base_commons:160:15)
    at writeGeneric (node:internal/stream_base_commons:151:3)
    at Socket._writeGeneric (node:net:796:11)
    at Socket._write (node:net:808:8)
    at writeOrBuffer (node:internal/streams/writable:390:12)
    at _write (node:internal/streams/writable:331:10)
    at Socket.Writable.write (node:internal/streams/writable:335:10)
    at Console.log (/opt/homebrew/lib/node_modules/appium/node_modules/winston/lib/winston/transports/console.js:51:25)
    at Console._write (/opt/homebrew/lib/node_modules/appium/node_modules/winston-transport/index.js:103:17)
    at doWrite (/opt/homebrew/lib/node_modules/appium/node_modules/winston-transport/node_modules/readable-stream/lib/_stream_writable.js:428:64)
    at writeOrBuffer (/opt/homebrew/lib/node_modules/appium/node_modules/winston-transport/node_modules/readable-stream/lib/_stream_writable.js:417:5)
    at Console.Writable.write (/opt/homebrew/lib/node_modules/appium/node_modules/winston-transport/node_modules/readable-stream/lib/_stream_writable.js:334:11)
    at DerivedLogger.ondata (/opt/homebrew/lib/node_modules/appium/node_modules/readable-stream/lib/_stream_readable.js:681:20)
    at DerivedLogger.emit (node:events:539:35)
    at addChunk (/opt/homebrew/lib/node_modules/appium/node_modules/readable-stream/lib/_stream_readable.js:298:12)
    at readableAddChunk (/opt/homebrew/lib/node_modules/appium/node_modules/readable-stream/lib/_stream_readable.js:280:11)
2022-03-22 12:15:30:871 uncaughtException: write EPIPE
Error: write EPIPE
    at afterWriteDispatched (node:internal/stream_base_commons:160:15)
    at writeGeneric (node:internal/stream_base_commons:151:3)
    at Socket._writeGeneric (node:net:796:11)
    at Socket._write (node:net:808:8)
    at writeOrBuffer (node:internal/streams/writable:390:12)
    at _write (node:internal/streams/writable:331:10)
    at Socket.Writable.write (node:internal/streams/writable:335:10)
    at Console.log (/opt/homebrew/lib/node_modules/appium/node_modules/winston/lib/winston/transports/console.js:51:25)
    at Console._write (/opt/homebrew/lib/node_modules/appium/node_modules/winston-transport/index.js:103:17)
    at doWrite (/opt/homebrew/lib/node_modules/appium/node_modules/winston-transport/node_modules/readable-stream/lib/_stream_writable.js:428:64)
    at writeOrBuffer (/opt/homebrew/lib/node_modules/appium/node_modules/winston-transport/node_modules/readable-stream/lib/_stream_writable.js:417:5)
    at Console.Writable.write (/opt/homebrew/lib/node_modules/appium/node_modules/winston-transport/node_modules/readable-stream/lib/_stream_writable.js:334:11)
    at DerivedLogger.ondata (/opt/homebrew/lib/node_modules/appium/node_modules/readable-stream/lib/_stream_readable.js:681:20)
    at DerivedLogger.emit (node:events:539:35)
    at addChunk (/opt/homebrew/lib/node_modules/appium/node_modules/readable-stream/lib/_stream_readable.js:298:12)
    at readableAddChunk (/opt/homebrew/lib/node_modules/appium/node_modules/readable-stream/lib/_stream_readable.js:280:11)
